nohup: ignoring input
[I 2024-09-26 17:30:11.789 ServerApp] jupyter_lsp | extension was successfully linked.
[I 2024-09-26 17:30:11.799 ServerApp] jupyter_server_terminals | extension was successfully linked.
[I 2024-09-26 17:30:11.820 ServerApp] jupyterlab | extension was successfully linked.
[I 2024-09-26 17:30:11.823 ServerApp] Writing Jupyter server cookie secret to /home/ec2-user/.local/share/jupyter/runtime/jupyter_cookie_secret
[I 2024-09-26 17:30:13.954 ServerApp] notebook_shim | extension was successfully linked.
[I 2024-09-26 17:30:14.131 ServerApp] notebook_shim | extension was successfully loaded.
[I 2024-09-26 17:30:14.144 ServerApp] jupyter_lsp | extension was successfully loaded.
[I 2024-09-26 17:30:14.148 ServerApp] jupyter_server_terminals | extension was successfully loaded.
[I 2024-09-26 17:30:14.152 LabApp] JupyterLab extension loaded from /home/ec2-user/environment/jupyterlab-venv/lib64/python3.9/site-packages/jupyterlab
[I 2024-09-26 17:30:14.152 LabApp] JupyterLab application directory is /home/ec2-user/environment/jupyterlab-venv/share/jupyter/lab
[I 2024-09-26 17:30:14.154 LabApp] Extension Manager is 'pypi'.
[I 2024-09-26 17:30:14.194 ServerApp] jupyterlab | extension was successfully loaded.
[I 2024-09-26 17:30:14.198 ServerApp] Serving notebooks from local directory: /home/ec2-user/environment
[I 2024-09-26 17:30:14.198 ServerApp] Jupyter Server 2.14.2 is running at:
[I 2024-09-26 17:30:14.198 ServerApp] http://ip-10-0-1-16.ec2.internal:8888/lab?token=7afaa2e2d766e6493740506b18516d201b7257eee6b4f961
[I 2024-09-26 17:30:14.198 ServerApp]     http://127.0.0.1:8888/lab?token=7afaa2e2d766e6493740506b18516d201b7257eee6b4f961
[I 2024-09-26 17:30:14.198 ServerApp] Use Control-C to stop this server and shut down all kernels (twice to skip confirmation).
[W 2024-09-26 17:30:14.241 ServerApp] No web browser found: Error('could not locate runnable browser').
[C 2024-09-26 17:30:14.242 ServerApp] 
    
    To access the server, open this file in a browser:
        file:///home/ec2-user/.local/share/jupyter/runtime/jpserver-2644-open.html
    Or copy and paste one of these URLs:
        http://ip-10-0-1-16.ec2.internal:8888/lab?token=7afaa2e2d766e6493740506b18516d201b7257eee6b4f961
        http://127.0.0.1:8888/lab?token=7afaa2e2d766e6493740506b18516d201b7257eee6b4f961
[I 2024-09-26 17:30:15.723 ServerApp] Skipped non-installed server(s): bash-language-server, dockerfile-language-server-nodejs, javascript-typescript-langserver, jedi-language-server, julia-language-server, pyright, python-language-server, python-lsp-server, r-languageserver, sql-language-server, texlab, typescript-language-server, unified-language-server, vscode-css-languageserver-bin, vscode-html-languageserver-bin, vscode-json-languageserver-bin, yaml-language-server
[I 2024-09-26 17:31:22.525 LabApp] Build is up to date
[I 2024-09-26 17:31:49.726 ServerApp] Writing notebook-signing key to /home/ec2-user/.local/share/jupyter/notebook_secret
[W 2024-09-26 17:31:49.731 ServerApp] Notebook C2_W1_Lab_2_DynamoDB.ipynb is not trusted
[I 2024-09-26 17:31:50.665 ServerApp] Kernel started: 85fbd1d6-32a8-437c-a6f3-9835cc787959
[I 2024-09-26 17:31:52.171 ServerApp] Connecting to kernel 85fbd1d6-32a8-437c-a6f3-9835cc787959.
[I 2024-09-26 17:31:52.353 ServerApp] Connecting to kernel 85fbd1d6-32a8-437c-a6f3-9835cc787959.
[I 2024-09-26 17:31:52.479 ServerApp] Connecting to kernel 85fbd1d6-32a8-437c-a6f3-9835cc787959.
[I 2024-09-26 17:33:50.598 ServerApp] Saving file at /C2_W1_Lab_2_DynamoDB.ipynb
[I 2024-09-26 17:37:51.726 ServerApp] Saving file at /C2_W1_Lab_2_DynamoDB.ipynb
[I 2024-09-26 17:39:37.045 ServerApp] Kernel restarted: 85fbd1d6-32a8-437c-a6f3-9835cc787959
[I 2024-09-26 17:39:37.107 ServerApp] Starting buffering for 85fbd1d6-32a8-437c-a6f3-9835cc787959:5e04ff3f-ce2a-43a2-94df-784fb285898c
[I 2024-09-26 17:39:37.184 ServerApp] Connecting to kernel 85fbd1d6-32a8-437c-a6f3-9835cc787959.
[I 2024-09-26 17:39:37.185 ServerApp] Restoring connection for 85fbd1d6-32a8-437c-a6f3-9835cc787959:5e04ff3f-ce2a-43a2-94df-784fb285898c
[I 2024-09-26 17:39:49.788 ServerApp] Kernel interrupted: 85fbd1d6-32a8-437c-a6f3-9835cc787959
[I 2024-09-26 17:39:52.044 ServerApp] Saving file at /C2_W1_Lab_2_DynamoDB.ipynb
[I 2024-09-26 17:41:33.173 ServerApp] Kernel interrupted: 85fbd1d6-32a8-437c-a6f3-9835cc787959
[I 2024-09-26 17:41:38.734 ServerApp] Kernel interrupted: 85fbd1d6-32a8-437c-a6f3-9835cc787959
[I 2024-09-26 17:41:41.754 ServerApp] Kernel restarted: 85fbd1d6-32a8-437c-a6f3-9835cc787959
[I 2024-09-26 17:41:41.809 ServerApp] Starting buffering for 85fbd1d6-32a8-437c-a6f3-9835cc787959:5e04ff3f-ce2a-43a2-94df-784fb285898c
[I 2024-09-26 17:41:41.876 ServerApp] Connecting to kernel 85fbd1d6-32a8-437c-a6f3-9835cc787959.
[I 2024-09-26 17:41:41.876 ServerApp] Restoring connection for 85fbd1d6-32a8-437c-a6f3-9835cc787959:5e04ff3f-ce2a-43a2-94df-784fb285898c
[I 2024-09-26 17:41:46.266 ServerApp] Starting buffering for 85fbd1d6-32a8-437c-a6f3-9835cc787959:5e04ff3f-ce2a-43a2-94df-784fb285898c
[I 2024-09-26 17:41:51.185 ServerApp] Connecting to kernel 85fbd1d6-32a8-437c-a6f3-9835cc787959.
[I 2024-09-26 17:43:22.634 ServerApp] Starting buffering for 85fbd1d6-32a8-437c-a6f3-9835cc787959:47f5b06d-1227-4378-b750-11dc90248faf
[I 2024-09-26 17:44:31.449 ServerApp] Connecting to kernel 85fbd1d6-32a8-437c-a6f3-9835cc787959.
[I 2024-09-26 17:44:31.887 ServerApp] Starting buffering for 85fbd1d6-32a8-437c-a6f3-9835cc787959:8e2f70be-49e8-4c04-8c82-b7a3471a1f91
[I 2024-09-26 17:44:32.249 ServerApp] Connecting to kernel 85fbd1d6-32a8-437c-a6f3-9835cc787959.
[I 2024-09-26 17:44:32.292 LabApp] Build is up to date
[I 2024-09-26 17:46:32.228 ServerApp] Saving file at /C2_W1_Lab_2_DynamoDB.ipynb
[I 2024-09-26 17:46:43.554 ServerApp] Kernel restarted: 85fbd1d6-32a8-437c-a6f3-9835cc787959
[I 2024-09-26 17:46:43.686 ServerApp] Starting buffering for 85fbd1d6-32a8-437c-a6f3-9835cc787959:35039c1e-e221-4772-9a65-021f3945e8a3
[I 2024-09-26 17:46:43.746 ServerApp] Connecting to kernel 85fbd1d6-32a8-437c-a6f3-9835cc787959.
[I 2024-09-26 17:46:43.746 ServerApp] Restoring connection for 85fbd1d6-32a8-437c-a6f3-9835cc787959:35039c1e-e221-4772-9a65-021f3945e8a3
[I 2024-09-26 17:46:50.826 ServerApp] Kernel restarted: 85fbd1d6-32a8-437c-a6f3-9835cc787959
[I 2024-09-26 17:46:50.956 ServerApp] Starting buffering for 85fbd1d6-32a8-437c-a6f3-9835cc787959:35039c1e-e221-4772-9a65-021f3945e8a3
[I 2024-09-26 17:46:51.032 ServerApp] Connecting to kernel 85fbd1d6-32a8-437c-a6f3-9835cc787959.
[I 2024-09-26 17:46:51.048 ServerApp] Restoring connection for 85fbd1d6-32a8-437c-a6f3-9835cc787959:35039c1e-e221-4772-9a65-021f3945e8a3
[W 2024-09-26 17:48:00.877 ServerApp] Notebook C2_W1_Lab_2_DynamoDB_Solution.ipynb is not trusted
[I 2024-09-26 17:48:01.446 ServerApp] Kernel started: be5dd6b9-c9af-4469-a441-a2cdfbdf34ad
[I 2024-09-26 17:48:02.964 ServerApp] Connecting to kernel be5dd6b9-c9af-4469-a441-a2cdfbdf34ad.
[I 2024-09-26 17:48:10.015 ServerApp] Starting buffering for 85fbd1d6-32a8-437c-a6f3-9835cc787959:35039c1e-e221-4772-9a65-021f3945e8a3
[I 2024-09-26 17:50:01.274 ServerApp] Saving file at /C2_W1_Lab_2_DynamoDB_Solution.ipynb
[I 2024-09-26 17:52:01.562 ServerApp] Saving file at /C2_W1_Lab_2_DynamoDB_Solution.ipynb
[I 2024-09-26 17:54:02.004 ServerApp] Saving file at /C2_W1_Lab_2_DynamoDB_Solution.ipynb
