nohup: ignoring input
[I 2024-09-26 18:19:57.127 ServerApp] jupyter_lsp | extension was successfully linked.
[I 2024-09-26 18:19:57.150 ServerApp] jupyter_server_terminals | extension was successfully linked.
[I 2024-09-26 18:19:57.174 ServerApp] jupyterlab | extension was successfully linked.
[I 2024-09-26 18:19:57.179 ServerApp] Writing Jupyter server cookie secret to /home/ec2-user/.local/share/jupyter/runtime/jupyter_cookie_secret
[I 2024-09-26 18:19:58.179 ServerApp] notebook_shim | extension was successfully linked.
[I 2024-09-26 18:19:58.278 ServerApp] notebook_shim | extension was successfully loaded.
[I 2024-09-26 18:19:58.287 ServerApp] jupyter_lsp | extension was successfully loaded.
[I 2024-09-26 18:19:58.302 ServerApp] jupyter_server_terminals | extension was successfully loaded.
[I 2024-09-26 18:19:58.320 LabApp] JupyterLab extension loaded from /home/ec2-user/environment/jupyterlab-venv/lib64/python3.9/site-packages/jupyterlab
[I 2024-09-26 18:19:58.320 LabApp] JupyterLab application directory is /home/ec2-user/environment/jupyterlab-venv/share/jupyter/lab
[I 2024-09-26 18:19:58.321 LabApp] Extension Manager is 'pypi'.
[I 2024-09-26 18:19:58.333 ServerApp] jupyterlab | extension was successfully loaded.
[I 2024-09-26 18:19:58.334 ServerApp] Serving notebooks from local directory: /home/ec2-user/environment
[I 2024-09-26 18:19:58.334 ServerApp] Jupyter Server 2.14.2 is running at:
[I 2024-09-26 18:19:58.334 ServerApp] http://ip-10-0-1-229.ec2.internal:8888/lab?token=eff505d296466655412ab7323dfd15a4cc149ff456039e47
[I 2024-09-26 18:19:58.334 ServerApp]     http://127.0.0.1:8888/lab?token=eff505d296466655412ab7323dfd15a4cc149ff456039e47
[I 2024-09-26 18:19:58.334 ServerApp] Use Control-C to stop this server and shut down all kernels (twice to skip confirmation).
[W 2024-09-26 18:19:58.341 ServerApp] No web browser found: Error('could not locate runnable browser').
[C 2024-09-26 18:19:58.342 ServerApp] 
    
    To access the server, open this file in a browser:
        file:///home/ec2-user/.local/share/jupyter/runtime/jpserver-2738-open.html
    Or copy and paste one of these URLs:
        http://ip-10-0-1-229.ec2.internal:8888/lab?token=eff505d296466655412ab7323dfd15a4cc149ff456039e47
        http://127.0.0.1:8888/lab?token=eff505d296466655412ab7323dfd15a4cc149ff456039e47
[I 2024-09-26 18:19:59.596 ServerApp] Skipped non-installed server(s): bash-language-server, dockerfile-language-server-nodejs, javascript-typescript-langserver, jedi-language-server, julia-language-server, pyright, python-language-server, python-lsp-server, r-languageserver, sql-language-server, texlab, typescript-language-server, unified-language-server, vscode-css-languageserver-bin, vscode-html-languageserver-bin, vscode-json-languageserver-bin, yaml-language-server
[I 2024-09-26 18:20:28.964 LabApp] Build is up to date
[I 2024-09-26 18:20:31.565 ServerApp] Writing notebook-signing key to /home/ec2-user/.local/share/jupyter/notebook_secret
[W 2024-09-26 18:20:31.568 ServerApp] Notebook C2_W1_Lab_3_S3.ipynb is not trusted
[I 2024-09-26 18:20:32.394 ServerApp] Kernel started: 28a8552f-e4e0-47c5-b1bf-53d1daee37e2
[I 2024-09-26 18:20:33.284 ServerApp] Connecting to kernel 28a8552f-e4e0-47c5-b1bf-53d1daee37e2.
[I 2024-09-26 18:20:33.417 ServerApp] Connecting to kernel 28a8552f-e4e0-47c5-b1bf-53d1daee37e2.
[I 2024-09-26 18:20:33.576 ServerApp] Connecting to kernel 28a8552f-e4e0-47c5-b1bf-53d1daee37e2.
[W 2024-09-26 18:21:14.699 ServerApp] Notebook C2_W1_Lab_3_S3_Solution.ipynb is not trusted
[I 2024-09-26 18:21:15.034 ServerApp] Kernel started: 1feb7d3d-d0a0-4402-a800-92e91d59dc67
[I 2024-09-26 18:21:15.739 ServerApp] Connecting to kernel 1feb7d3d-d0a0-4402-a800-92e91d59dc67.
[I 2024-09-26 18:22:31.957 ServerApp] Saving file at /C2_W1_Lab_3_S3.ipynb
[I 2024-09-26 18:23:14.992 ServerApp] Saving file at /C2_W1_Lab_3_S3_Solution.ipynb
[I 2024-09-26 18:25:15.471 ServerApp] Saving file at /C2_W1_Lab_3_S3_Solution.ipynb
[I 2024-09-26 18:27:15.736 ServerApp] Saving file at /C2_W1_Lab_3_S3_Solution.ipynb
[I 2024-09-26 18:29:03.453 ServerApp] Starting buffering for 28a8552f-e4e0-47c5-b1bf-53d1daee37e2:4ef7a378-62c1-4f6a-bebe-2b75eaeaca2f
[I 2024-09-26 18:29:04.085 ServerApp] Starting buffering for 1feb7d3d-d0a0-4402-a800-92e91d59dc67:0c1dda2f-2077-41a1-9451-288202b37dd5
